archive: None -> <PyModule 'archive' /Users/rdsears/Coding/pyinstaller/PyInstaller/loader/archive.pyc imports=[('marshal', 0, 0, -1), ('struct', 0, 0, -1), ('imp', 0, 0, -1), ('sys', 0, 0, -1), ('iu', 0, 0, -1), ('imp', 1, 0, -1), ('os', 1, 1, -1), ('zlib', 1, 1, -1), ('AES', 1, 1, -1), ('os', 1, 1, -1), ('os', 1, 1, -1)] binaries=[] datas=[]>
marshal: None -> <BuiltinModule 'marshal' None imports=[] binaries=[] datas=[]>
struct: None -> <PyModule 'struct' /System/Library/Frameworks/Python.framework/Versions/2.6/lib/python2.6/struct.pyc imports=[('_struct', 0, 0, -1), ('_struct.*', 0, 0, -1), ('_struct', 0, 0, -1), ('_struct._clearcache', 0, 0, -1)] binaries=[] datas=[]>
imp: None -> <BuiltinModule 'imp' None imports=[] binaries=[] datas=[]>
sys: None -> <BuiltinModule 'sys' None imports=[] binaries=[] datas=[]>
iu: None -> <PyModule 'iu' /Users/rdsears/Coding/pyinstaller/PyInstaller/loader/iu.pyc imports=[('sys', 0, 0, -1), ('imp', 0, 0, -1), ('marshal', 0, 0, -1), ('zipimport', 0, 0, -1), ('__builtin__', 1, 0, -1), ('posix', 1, 1, -1), ('posix.stat', 1, 1, -1), ('posix.getcwd', 1, 1, -1), ('posix.environ', 1, 1, -1), ('posix.listdir', 1, 1, -1)] binaries=[] datas=[]>
os: None -> <PyModule 'os' /System/Library/Frameworks/Python.framework/Versions/2.6/lib/python2.6/os.pyc imports=[('sys', 0, 0, -1), ('errno', 0, 0, -1), ('posix', 0, 1, -1), ('posix.*', 0, 1, -1), ('posix', 0, 1, -1), ('posix._exit', 0, 1, -1), ('posixpath', 0, 1, -1), ('posix', 0, 1, -1), ('os2emxpath', 0, 1, -1), ('_emx_link', 0, 1, -1), ('_emx_link.link', 0, 1, -1), ('os.path', 0, 0, -1), ('os.path.curdir', 0, 0, -1), ('os.path.pardir', 0, 0, -1), ('os.path.sep', 0, 0, -1), ('os.path.pathsep', 0, 0, -1), ('os.path.defpath', 0, 0, -1), ('os.path.extsep', 0, 0, -1), ('os.path.altsep', 0, 0, -1), ('os.path.devnull', 0, 0, -1), ('UserDict', 0, 1, -1), ('copy_reg', 0, 0, -1), ('os.path', 1, 0, -1), ('os.path.join', 1, 0, -1), ('os.path.isdir', 1, 0, -1), ('os.path.islink', 1, 0, -1), ('warnings', 1, 0, -1), ('subprocess', 1, 0, -1), ('types', 1, 0, -1), ('warnings', 1, 0, -1), ('subprocess', 1, 0, -1), ('types', 1, 0, -1), ('warnings', 1, 0, -1), ('subprocess', 1, 0, -1), ('types', 1, 0, -1)] binaries=[] datas=[]>
zlib: None -> <ExtensionModule 'zlib' /System/Library/Frameworks/Python.framework/Versions/2.6/lib/python2.6/lib-dynload/zlib.so imports=[] binaries=[] datas=[]>
AES: None -> None
  DEL AES
_struct: None -> <ExtensionModule '_struct' /System/Library/Frameworks/Python.framework/Versions/2.6/lib/python2.6/lib-dynload/_struct.so imports=[] binaries=[] datas=[]>
zipimport: None -> <BuiltinModule 'zipimport' None imports=[] binaries=[] datas=[]>
__builtin__: None -> <BuiltinModule '__builtin__' None imports=[] binaries=[] datas=[]>
posix: None -> <BuiltinModule 'posix' None imports=[] binaries=[] datas=[]>
errno: None -> <BuiltinModule 'errno' None imports=[] binaries=[] datas=[]>
posixpath: None -> <PyModule 'posixpath' /System/Library/Frameworks/Python.framework/Versions/2.6/lib/python2.6/posixpath.pyc imports=[('os', 0, 0, -1), ('stat', 0, 0, -1), ('genericpath', 0, 0, -1), ('warnings', 0, 0, -1), ('genericpath', 0, 0, -1), ('genericpath.*', 0, 0, -1), ('pwd', 1, 1, -1), ('pwd', 1, 1, -1), ('re', 1, 1, -1)] binaries=[] datas=[]>
os2emxpath: None -> <PyModule 'os2emxpath' /System/Library/Frameworks/Python.framework/Versions/2.6/lib/python2.6/os2emxpath.pyc imports=[('os', 0, 0, -1), ('stat', 0, 0, -1), ('genericpath', 0, 0, -1), ('genericpath.*', 0, 0, -1), ('ntpath', 0, 0, -1), ('ntpath.expanduser', 0, 0, -1), ('ntpath.expandvars', 0, 0, -1), ('ntpath.isabs', 0, 0, -1), ('ntpath.islink', 0, 0, -1), ('ntpath.splitdrive', 0, 0, -1), ('ntpath.splitext', 0, 0, -1), ('ntpath.split', 0, 0, -1), ('ntpath.walk', 0, 0, -1)] binaries=[] datas=[]>
_emx_link: None -> None
  DEL _emx_link
_emx_link: None -> None
  DEL _emx_link
UserDict: None -> <PyModule 'UserDict' /System/Library/Frameworks/Python.framework/Versions/2.6/lib/python2.6/UserDict.pyc imports=[('_abcoll', 0, 0, -1), ('copy', 1, 0, -1)] binaries=[] datas=[]>
copy_reg: None -> <PyModule 'copy_reg' /System/Library/Frameworks/Python.framework/Versions/2.6/lib/python2.6/copy_reg.pyc imports=[('types', 0, 0, -1), ('types.ClassType', 0, 0, -1)] binaries=[] datas=[]>
warnings: None -> <PyModule 'warnings' /System/Library/Frameworks/Python.framework/Versions/2.6/lib/python2.6/warnings.pyc imports=[('linecache', 0, 0, -1), ('sys', 0, 0, -1), ('types', 0, 0, -1), ('_warnings', 0, 0, -1), ('_warnings.filters', 0, 0, -1), ('_warnings.default_action', 0, 0, -1), ('_warnings.once_registry', 0, 0, -1), ('_warnings.warn', 0, 0, -1), ('_warnings.warn_explicit', 0, 0, -1), ('re', 1, 0, -1), ('re', 1, 0, -1), ('re', 1, 0, -1)] binaries=[] datas=[]>
subprocess: None -> <PyModule 'subprocess' /System/Library/Frameworks/Python.framework/Versions/2.6/lib/python2.6/subprocess.pyc imports=[('sys', 0, 0, -1), ('os', 0, 0, -1), ('types', 0, 0, -1), ('traceback', 0, 0, -1), ('gc', 0, 0, -1), ('signal', 0, 0, -1), ('threading', 0, 1, -1), ('msvcrt', 0, 1, -1), ('_subprocess', 0, 1, -1), ('_subprocess.*', 0, 1, -1), ('select', 0, 1, -1), ('errno', 0, 1, -1), ('fcntl', 0, 1, -1), ('pickle', 0, 1, -1)] binaries=[] datas=[]>
types: None -> <PyModule 'types' /System/Library/Frameworks/Python.framework/Versions/2.6/lib/python2.6/types.pyc imports=[('sys', 0, 0, -1)] binaries=[] datas=[]>
stat: None -> <PyModule 'stat' /System/Library/Frameworks/Python.framework/Versions/2.6/lib/python2.6/stat.pyc imports=[] binaries=[] datas=[]>
genericpath: None -> <PyModule 'genericpath' /System/Library/Frameworks/Python.framework/Versions/2.6/lib/python2.6/genericpath.pyc imports=[('os', 0, 0, -1), ('stat', 0, 0, -1)] binaries=[] datas=[]>
pwd: None -> <BuiltinModule 'pwd' None imports=[] binaries=[] datas=[]>
re: None -> <PyModule 're' /System/Library/Frameworks/Python.framework/Versions/2.6/lib/python2.6/re.pyc imports=[('sys', 0, 0, -1), ('sre_compile', 0, 0, -1), ('sre_parse', 0, 0, -1), ('copy_reg', 0, 0, -1), ('sre_constants', 1, 0, -1), ('sre_constants.BRANCH', 1, 0, -1), ('sre_constants.SUBPATTERN', 1, 0, -1)] binaries=[] datas=[]>
linecache: None -> <PyModule 'linecache' /System/Library/Frameworks/Python.framework/Versions/2.6/lib/python2.6/linecache.pyc imports=[('sys', 0, 0, -1), ('os', 0, 0, -1)] binaries=[] datas=[]>
_warnings: None -> <BuiltinModule '_warnings' None imports=[] binaries=[] datas=[]>
sre_compile: None -> <PyModule 'sre_compile' /System/Library/Frameworks/Python.framework/Versions/2.6/lib/python2.6/sre_compile.pyc imports=[('_sre', 0, 0, -1), ('sys', 0, 0, -1), ('sre_parse', 0, 0, -1), ('sre_constants', 0, 0, -1), ('sre_constants.*', 0, 0, -1), ('array', 1, 0, -1)] binaries=[] datas=[]>
sre_parse: None -> <PyModule 'sre_parse' /System/Library/Frameworks/Python.framework/Versions/2.6/lib/python2.6/sre_parse.pyc imports=[('sys', 0, 0, -1), ('sre_constants', 0, 0, -1), ('sre_constants.*', 0, 0, -1)] binaries=[] datas=[]>
sre_constants: None -> <PyModule 'sre_constants' /System/Library/Frameworks/Python.framework/Versions/2.6/lib/python2.6/sre_constants.pyc imports=[] binaries=[] datas=[]>
_sre: None -> <BuiltinModule '_sre' None imports=[('copy_reg', 0, 0, -1)] binaries=[] datas=[]>
array: None -> <ExtensionModule 'array' /System/Library/Frameworks/Python.framework/Versions/2.6/lib/python2.6/lib-dynload/array.so imports=[] binaries=[] datas=[]>
ntpath: None -> <PyModule 'ntpath' /System/Library/Frameworks/Python.framework/Versions/2.6/lib/python2.6/ntpath.pyc imports=[('os', 0, 0, -1), ('sys', 0, 0, -1), ('stat', 0, 0, -1), ('genericpath', 0, 0, -1), ('warnings', 0, 0, -1), ('genericpath', 0, 0, -1), ('genericpath.*', 0, 0, -1), ('nt', 0, 0, -1), ('nt._getfullpathname', 0, 0, -1), ('string', 1, 0, -1)] binaries=[] datas=[]>
nt: None -> None
  DEL nt
nt: None -> None
  DEL nt
string: None -> <PyModule 'string' /System/Library/Frameworks/Python.framework/Versions/2.6/lib/python2.6/string.pyc imports=[('re', 0, 0, -1), ('strop', 0, 0, -1), ('strop.maketrans', 0, 0, -1), ('strop.lowercase', 0, 0, -1), ('strop.uppercase', 0, 0, -1), ('strop.whitespace', 0, 0, -1)] binaries=[] datas=[]>
strop: None -> <ExtensionModule 'strop' /System/Library/Frameworks/Python.framework/Versions/2.6/lib/python2.6/lib-dynload/strop.so imports=[] binaries=[] datas=[]>
_abcoll: None -> <PyModule '_abcoll' /System/Library/Frameworks/Python.framework/Versions/2.6/lib/python2.6/_abcoll.pyc imports=[('abc', 0, 0, -1), ('abc.ABCMeta', 0, 0, -1), ('abc.abstractmethod', 0, 0, -1), ('sys', 0, 0, -1)] binaries=[] datas=[]>
copy: None -> <PyModule 'copy' /System/Library/Frameworks/Python.framework/Versions/2.6/lib/python2.6/copy.pyc imports=[('types', 0, 0, -1), ('copy_reg', 0, 0, -1), ('copy_reg.dispatch_table', 0, 0, -1), ('org.python.core', 0, 0, -1), ('org.python.core.PyStringMap', 0, 0, -1), ('repr', 1, 0, -1), ('repr', 1, 0, -1), ('sys', 1, 1, -1)] binaries=[] datas=[]>
abc: None -> <PyModule 'abc' /System/Library/Frameworks/Python.framework/Versions/2.6/lib/python2.6/abc.pyc imports=[] binaries=[] datas=[]>
org: None -> None
  DEL org
org: None -> None
  DEL org
repr: None -> <PyModule 'repr' /System/Library/Frameworks/Python.framework/Versions/2.6/lib/python2.6/repr.pyc imports=[('__builtin__', 0, 0, -1), ('itertools', 0, 0, -1), ('itertools.islice', 0, 0, -1)] binaries=[] datas=[]>
itertools: None -> <ExtensionModule 'itertools' /System/Library/Frameworks/Python.framework/Versions/2.6/lib/python2.6/lib-dynload/itertools.so imports=[] binaries=[] datas=[]>
traceback: None -> <PyModule 'traceback' /System/Library/Frameworks/Python.framework/Versions/2.6/lib/python2.6/traceback.pyc imports=[('linecache', 0, 0, -1), ('sys', 0, 0, -1), ('types', 0, 0, -1)] binaries=[] datas=[]>
gc: None -> <BuiltinModule 'gc' None imports=[] binaries=[] datas=[]>
signal: None -> <BuiltinModule 'signal' None imports=[] binaries=[] datas=[]>
threading: None -> <PyModule 'threading' /System/Library/Frameworks/Python.framework/Versions/2.6/lib/python2.6/threading.pyc imports=[('sys', 0, 0, -1), ('thread', 0, 0, -1), ('warnings', 0, 0, -1), ('functools', 0, 0, -1), ('functools.wraps', 0, 0, -1), ('time', 0, 0, -1), ('time.time', 0, 0, -1), ('time.sleep', 0, 0, -1), ('traceback', 0, 0, -1), ('traceback.format_exc', 0, 0, -1), ('collections', 0, 0, -1), ('collections.deque', 0, 0, -1), ('thread', 0, 0, -1), ('thread.stack_size', 0, 0, -1), ('thread', 0, 0, -1), ('thread._local', 0, 0, -1), ('_threading_local', 0, 1, -1), ('_threading_local.local', 0, 1, -1), ('random', 1, 0, -1), ('random.random', 1, 0, -1)] binaries=[] datas=[]>
msvcrt: None -> None
  DEL msvcrt
_subprocess: None -> None
  DEL _subprocess
_subprocess: None -> None
  DEL _subprocess
select: None -> <ExtensionModule 'select' /System/Library/Frameworks/Python.framework/Versions/2.6/lib/python2.6/lib-dynload/select.so imports=[] binaries=[] datas=[]>
fcntl: None -> <ExtensionModule 'fcntl' /System/Library/Frameworks/Python.framework/Versions/2.6/lib/python2.6/lib-dynload/fcntl.so imports=[] binaries=[] datas=[]>
pickle: None -> <PyModule 'pickle' /System/Library/Frameworks/Python.framework/Versions/2.6/lib/python2.6/pickle.pyc imports=[('types', 0, 0, -1), ('types.*', 0, 0, -1), ('copy_reg', 0, 0, -1), ('copy_reg.dispatch_table', 0, 0, -1), ('copy_reg', 0, 0, -1), ('copy_reg._extension_registry', 0, 0, -1), ('copy_reg._inverted_registry', 0, 0, -1), ('copy_reg._extension_cache', 0, 0, -1), ('marshal', 0, 0, -1), ('sys', 0, 0, -1), ('struct', 0, 0, -1), ('re', 0, 0, -1), ('org.python.core', 0, 0, -1), ('org.python.core.PyStringMap', 0, 0, -1), ('binascii', 0, 0, -1), ('cStringIO', 0, 0, -1), ('cStringIO.StringIO', 0, 0, -1), ('StringIO', 0, 1, -1), ('StringIO.StringIO', 0, 1, -1), ('doctest', 1, 0, -1)] binaries=[] datas=[]>
thread: None -> <BuiltinModule 'thread' None imports=[] binaries=[] datas=[]>
functools: None -> <PyModule 'functools' /System/Library/Frameworks/Python.framework/Versions/2.6/lib/python2.6/functools.pyc imports=[('_functools', 0, 0, -1), ('_functools.partial', 0, 0, -1), ('_functools.reduce', 0, 0, -1)] binaries=[] datas=[]>
time: None -> <ExtensionModule 'time' /System/Library/Frameworks/Python.framework/Versions/2.6/lib/python2.6/lib-dynload/time.so imports=[('_strptime', 0, 0, -1)] binaries=[] datas=[]>
collections: None -> <PyModule 'collections' /System/Library/Frameworks/Python.framework/Versions/2.6/lib/python2.6/collections.pyc imports=[('_abcoll', 0, 0, -1), ('_abcoll.*', 0, 0, -1), ('_abcoll', 0, 0, -1), ('_collections', 0, 0, -1), ('_collections.deque', 0, 0, -1), ('_collections.defaultdict', 0, 0, -1), ('operator', 0, 0, -1), ('operator.itemgetter', 0, 0, -1), ('keyword', 0, 0, -1), ('keyword.iskeyword', 0, 0, -1), ('sys', 0, 0, -1), ('cPickle', 0, 1, -1), ('cPickle.loads', 0, 1, -1), ('cPickle.dumps', 0, 1, -1), ('doctest', 0, 1, -1)] binaries=[] datas=[]>
_threading_local: None -> <PyModule '_threading_local' /System/Library/Frameworks/Python.framework/Versions/2.6/lib/python2.6/_threading_local.pyc imports=[('threading', 0, 0, -1), ('threading.current_thread', 0, 0, -1), ('threading.RLock', 0, 0, -1), ('threading', 1, 0, -1)] binaries=[] datas=[]>
random: None -> <PyModule 'random' /System/Library/Frameworks/Python.framework/Versions/2.6/lib/python2.6/random.pyc imports=[('__future__', 0, 0, -1), ('__future__.division', 0, 0, -1), ('warnings', 0, 0, -1), ('warnings.warn', 0, 0, -1), ('types', 0, 0, -1), ('types.MethodType', 0, 0, -1), ('types.BuiltinMethodType', 0, 0, -1), ('math', 0, 0, -1), ('math.log', 0, 0, -1), ('math.exp', 0, 0, -1), ('math.pi', 0, 0, -1), ('math.e', 0, 0, -1), ('math.ceil', 0, 0, -1), ('math', 0, 0, -1), ('math.sqrt', 0, 0, -1), ('math.acos', 0, 0, -1), ('math.cos', 0, 0, -1), ('math.sin', 0, 0, -1), ('os', 0, 0, -1), ('os.urandom', 0, 0, -1), ('binascii', 0, 0, -1), ('binascii.hexlify', 0, 0, -1), ('_random', 0, 0, -1), ('time', 1, 1, -1), ('time', 1, 1, -1), ('time', 1, 1, -1), ('time', 1, 0, -1)] binaries=[] datas=[]>
_functools: None -> <ExtensionModule '_functools' /System/Library/Frameworks/Python.framework/Versions/2.6/lib/python2.6/lib-dynload/_functools.so imports=[] binaries=[] datas=[]>
_strptime: None -> <PyModule '_strptime' /System/Library/Frameworks/Python.framework/Versions/2.6/lib/python2.6/_strptime.pyc imports=[('time', 0, 0, -1), ('locale', 0, 0, -1), ('calendar', 0, 0, -1), ('re', 0, 0, -1), ('re.compile', 0, 0, -1), ('re', 0, 0, -1), ('re.IGNORECASE', 0, 0, -1), ('re', 0, 0, -1), ('re.escape', 0, 0, -1), ('datetime', 0, 0, -1), ('datetime.date', 0, 0, -1), ('thread', 0, 0, -1), ('thread.allocate_lock', 0, 0, -1), ('dummy_thread', 0, 0, -1), ('dummy_thread.allocate_lock', 0, 0, -1)] binaries=[] datas=[]>
locale: None -> <PyModule 'locale' /System/Library/Frameworks/Python.framework/Versions/2.6/lib/python2.6/locale.pyc imports=[('sys', 0, 0, -1), ('encodings', 0, 0, -1), ('encodings.aliases', 0, 0, -1), ('functools', 0, 0, -1), ('_locale', 0, 0, -1), ('_locale.*', 0, 0, -1), ('re', 0, 0, -1), ('operator', 0, 0, -1), ('_locale', 1, 0, -1), ('os', 1, 0, -1), ('_locale', 1, 0, -1)] binaries=[] datas=[]>
calendar: None -> <PyModule 'calendar' /System/Library/Frameworks/Python.framework/Versions/2.6/lib/python2.6/calendar.pyc imports=[('sys', 0, 0, -1), ('datetime', 0, 0, -1), ('locale', 0, 0, -1), ('optparse', 1, 0, -1)] binaries=[] datas=[]>
datetime: None -> <ExtensionModule 'datetime' /System/Library/Frameworks/Python.framework/Versions/2.6/lib/python2.6/lib-dynload/datetime.so imports=[] binaries=[] datas=[]>
dummy_thread: None -> <PyModule 'dummy_thread' /System/Library/Frameworks/Python.framework/Versions/2.6/lib/python2.6/dummy_thread.pyc imports=[('traceback', 0, 0, -1)] binaries=[] datas=[]>
encodings: None -> <PkgModule 'encodings' /System/Library/Frameworks/Python.framework/Versions/2.6/lib/python2.6/encodings/__init__.pyc imports=[('codecs', 0, 0, -1), ('encodings', 0, 0, -1), ('encodings.aliases', 0, 0, -1), ('__builtin__', 0, 0, -1), ('aliases', 0, 0, -1), ('ascii', 0, 0, -1), ('base64_codec', 0, 0, -1), ('big5', 0, 0, -1), ('big5hkscs', 0, 0, -1), ('bz2_codec', 0, 0, -1), ('charmap', 0, 0, -1), ('cp037', 0, 0, -1), ('cp1006', 0, 0, -1), ('cp1026', 0, 0, -1), ('cp1140', 0, 0, -1), ('cp1250', 0, 0, -1), ('cp1251', 0, 0, -1), ('cp1252', 0, 0, -1), ('cp1253', 0, 0, -1), ('cp1254', 0, 0, -1), ('cp1255', 0, 0, -1), ('cp1256', 0, 0, -1), ('cp1257', 0, 0, -1), ('cp1258', 0, 0, -1), ('cp424', 0, 0, -1), ('cp437', 0, 0, -1), ('cp500', 0, 0, -1), ('cp737', 0, 0, -1), ('cp775', 0, 0, -1), ('cp850', 0, 0, -1), ('cp852', 0, 0, -1), ('cp855', 0, 0, -1), ('cp856', 0, 0, -1), ('cp857', 0, 0, -1), ('cp860', 0, 0, -1), ('cp861', 0, 0, -1), ('cp862', 0, 0, -1), ('cp863', 0, 0, -1), ('cp864', 0, 0, -1), ('cp865', 0, 0, -1), ('cp866', 0, 0, -1), ('cp869', 0, 0, -1), ('cp874', 0, 0, -1), ('cp875', 0, 0, -1), ('cp932', 0, 0, -1), ('cp949', 0, 0, -1), ('cp950', 0, 0, -1), ('euc_jis_2004', 0, 0, -1), ('euc_jisx0213', 0, 0, -1), ('euc_jp', 0, 0, -1), ('euc_kr', 0, 0, -1), ('gb18030', 0, 0, -1), ('gb2312', 0, 0, -1), ('gbk', 0, 0, -1), ('hex_codec', 0, 0, -1), ('hp_roman8', 0, 0, -1), ('hz', 0, 0, -1), ('idna', 0, 0, -1), ('iso2022_jp', 0, 0, -1), ('iso2022_jp_1', 0, 0, -1), ('iso2022_jp_2', 0, 0, -1), ('iso2022_jp_2004', 0, 0, -1), ('iso2022_jp_3', 0, 0, -1), ('iso2022_jp_ext', 0, 0, -1), ('iso2022_kr', 0, 0, -1), ('iso8859_1', 0, 0, -1), ('iso8859_10', 0, 0, -1), ('iso8859_11', 0, 0, -1), ('iso8859_13', 0, 0, -1), ('iso8859_14', 0, 0, -1), ('iso8859_15', 0, 0, -1), ('iso8859_16', 0, 0, -1), ('iso8859_2', 0, 0, -1), ('iso8859_3', 0, 0, -1), ('iso8859_4', 0, 0, -1), ('iso8859_5', 0, 0, -1), ('iso8859_6', 0, 0, -1), ('iso8859_7', 0, 0, -1), ('iso8859_8', 0, 0, -1), ('iso8859_9', 0, 0, -1), ('johab', 0, 0, -1), ('koi8_r', 0, 0, -1), ('koi8_u', 0, 0, -1), ('latin_1', 0, 0, -1), ('mac_arabic', 0, 0, -1), ('mac_centeuro', 0, 0, -1), ('mac_croatian', 0, 0, -1), ('mac_cyrillic', 0, 0, -1), ('mac_farsi', 0, 0, -1), ('mac_greek', 0, 0, -1), ('mac_iceland', 0, 0, -1), ('mac_latin2', 0, 0, -1), ('mac_roman', 0, 0, -1), ('mac_romanian', 0, 0, -1), ('mac_turkish', 0, 0, -1), ('mbcs', 0, 0, -1), ('palmos', 0, 0, -1), ('ptcp154', 0, 0, -1), ('punycode', 0, 0, -1), ('quopri_codec', 0, 0, -1), ('raw_unicode_escape', 0, 0, -1), ('rot_13', 0, 0, -1), ('shift_jis', 0, 0, -1), ('shift_jis_2004', 0, 0, -1), ('shift_jisx0213', 0, 0, -1), ('string_escape', 0, 0, -1), ('tis_620', 0, 0, -1), ('undefined', 0, 0, -1), ('unicode_escape', 0, 0, -1), ('unicode_internal', 0, 0, -1), ('utf_16', 0, 0, -1), ('utf_16_be', 0, 0, -1), ('utf_16_le', 0, 0, -1), ('utf_32', 0, 0, -1), ('utf_32_be', 0, 0, -1), ('utf_32_le', 0, 0, -1), ('utf_7', 0, 0, -1), ('utf_8', 0, 0, -1), ('utf_8_sig', 0, 0, -1), ('uu_codec', 0, 0, -1), ('zlib_codec', 0, 0, -1)] binaries=[] datas=[]>
encodings.aliases: None -> <PyModule 'encodings.aliases' /System/Library/Frameworks/Python.framework/Versions/2.6/lib/python2.6/encodings/aliases.pyc imports=[] binaries=[] datas=[]>
_locale: None -> <ExtensionModule '_locale' /System/Library/Frameworks/Python.framework/Versions/2.6/lib/python2.6/lib-dynload/_locale.so imports=[] binaries=[] datas=[]>
operator: None -> <ExtensionModule 'operator' /System/Library/Frameworks/Python.framework/Versions/2.6/lib/python2.6/lib-dynload/operator.so imports=[] binaries=[] datas=[]>
encodings.codecs: None -> None
codecs: None -> <PyModule 'codecs' /System/Library/Frameworks/Python.framework/Versions/2.6/lib/python2.6/codecs.pyc imports=[('__builtin__', 0, 0, -1), ('sys', 0, 0, -1), ('_codecs', 0, 0, -1), ('_codecs.*', 0, 0, -1), ('encodings', 0, 1, -1), ('encodings', 0, 0, -1)] binaries=[] datas=[]>
encodings.encodings: None -> None
encodings.__builtin__: None -> None
encodings.ascii: None -> <PyModule 'encodings.ascii' /System/Library/Frameworks/Python.framework/Versions/2.6/lib/python2.6/encodings/ascii.pyc imports=[('codecs', 0, 0, -1)] binaries=[] datas=[]>
encodings.base64_codec: None -> <PyModule 'encodings.base64_codec' /System/Library/Frameworks/Python.framework/Versions/2.6/lib/python2.6/encodings/base64_codec.pyc imports=[('codecs', 0, 0, -1), ('base64', 0, 0, -1)] binaries=[] datas=[]>
encodings.big5: None -> <PyModule 'encodings.big5' /System/Library/Frameworks/Python.framework/Versions/2.6/lib/python2.6/encodings/big5.pyc imports=[('_codecs_tw', 0, 0, -1), ('codecs', 0, 0, -1), ('_multibytecodec', 0, 0, -1)] binaries=[] datas=[]>
encodings.big5hkscs: None -> <PyModule 'encodings.big5hkscs' /System/Library/Frameworks/Python.framework/Versions/2.6/lib/python2.6/encodings/big5hkscs.pyc imports=[('_codecs_hk', 0, 0, -1), ('codecs', 0, 0, -1), ('_multibytecodec', 0, 0, -1)] binaries=[] datas=[]>
encodings.bz2_codec: None -> <PyModule 'encodings.bz2_codec' /System/Library/Frameworks/Python.framework/Versions/2.6/lib/python2.6/encodings/bz2_codec.pyc imports=[('codecs', 0, 0, -1), ('bz2', 0, 0, -1)] binaries=[] datas=[]>
encodings.charmap: None -> <PyModule 'encodings.charmap' /System/Library/Frameworks/Python.framework/Versions/2.6/lib/python2.6/encodings/charmap.pyc imports=[('codecs', 0, 0, -1)] binaries=[] datas=[]>
encodings.cp037: None -> <PyModule 'encodings.cp037' /System/Library/Frameworks/Python.framework/Versions/2.6/lib/python2.6/encodings/cp037.pyc imports=[('codecs', 0, 0, -1)] binaries=[] datas=[]>
encodings.cp1006: None -> <PyModule 'encodings.cp1006' /System/Library/Frameworks/Python.framework/Versions/2.6/lib/python2.6/encodings/cp1006.pyc imports=[('codecs', 0, 0, -1)] binaries=[] datas=[]>
encodings.cp1026: None -> <PyModule 'encodings.cp1026' /System/Library/Frameworks/Python.framework/Versions/2.6/lib/python2.6/encodings/cp1026.pyc imports=[('codecs', 0, 0, -1)] binaries=[] datas=[]>
encodings.cp1140: None -> <PyModule 'encodings.cp1140' /System/Library/Frameworks/Python.framework/Versions/2.6/lib/python2.6/encodings/cp1140.pyc imports=[('codecs', 0, 0, -1)] binaries=[] datas=[]>
encodings.cp1250: None -> <PyModule 'encodings.cp1250' /System/Library/Frameworks/Python.framework/Versions/2.6/lib/python2.6/encodings/cp1250.pyc imports=[('codecs', 0, 0, -1)] binaries=[] datas=[]>
encodings.cp1251: None -> <PyModule 'encodings.cp1251' /System/Library/Frameworks/Python.framework/Versions/2.6/lib/python2.6/encodings/cp1251.pyc imports=[('codecs', 0, 0, -1)] binaries=[] datas=[]>
encodings.cp1252: None -> <PyModule 'encodings.cp1252' /System/Library/Frameworks/Python.framework/Versions/2.6/lib/python2.6/encodings/cp1252.pyc imports=[('codecs', 0, 0, -1)] binaries=[] datas=[]>
encodings.cp1253: None -> <PyModule 'encodings.cp1253' /System/Library/Frameworks/Python.framework/Versions/2.6/lib/python2.6/encodings/cp1253.pyc imports=[('codecs', 0, 0, -1)] binaries=[] datas=[]>
encodings.cp1254: None -> <PyModule 'encodings.cp1254' /System/Library/Frameworks/Python.framework/Versions/2.6/lib/python2.6/encodings/cp1254.pyc imports=[('codecs', 0, 0, -1)] binaries=[] datas=[]>
encodings.cp1255: None -> <PyModule 'encodings.cp1255' /System/Library/Frameworks/Python.framework/Versions/2.6/lib/python2.6/encodings/cp1255.pyc imports=[('codecs', 0, 0, -1)] binaries=[] datas=[]>
encodings.cp1256: None -> <PyModule 'encodings.cp1256' /System/Library/Frameworks/Python.framework/Versions/2.6/lib/python2.6/encodings/cp1256.pyc imports=[('codecs', 0, 0, -1)] binaries=[] datas=[]>
encodings.cp1257: None -> <PyModule 'encodings.cp1257' /System/Library/Frameworks/Python.framework/Versions/2.6/lib/python2.6/encodings/cp1257.pyc imports=[('codecs', 0, 0, -1)] binaries=[] datas=[]>
encodings.cp1258: None -> <PyModule 'encodings.cp1258' /System/Library/Frameworks/Python.framework/Versions/2.6/lib/python2.6/encodings/cp1258.pyc imports=[('codecs', 0, 0, -1)] binaries=[] datas=[]>
encodings.cp424: None -> <PyModule 'encodings.cp424' /System/Library/Frameworks/Python.framework/Versions/2.6/lib/python2.6/encodings/cp424.pyc imports=[('codecs', 0, 0, -1)] binaries=[] datas=[]>
encodings.cp437: None -> <PyModule 'encodings.cp437' /System/Library/Frameworks/Python.framework/Versions/2.6/lib/python2.6/encodings/cp437.pyc imports=[('codecs', 0, 0, -1)] binaries=[] datas=[]>
encodings.cp500: None -> <PyModule 'encodings.cp500' /System/Library/Frameworks/Python.framework/Versions/2.6/lib/python2.6/encodings/cp500.pyc imports=[('codecs', 0, 0, -1)] binaries=[] datas=[]>
encodings.cp737: None -> <PyModule 'encodings.cp737' /System/Library/Frameworks/Python.framework/Versions/2.6/lib/python2.6/encodings/cp737.pyc imports=[('codecs', 0, 0, -1)] binaries=[] datas=[]>
encodings.cp775: None -> <PyModule 'encodings.cp775' /System/Library/Frameworks/Python.framework/Versions/2.6/lib/python2.6/encodings/cp775.pyc imports=[('codecs', 0, 0, -1)] binaries=[] datas=[]>
encodings.cp850: None -> <PyModule 'encodings.cp850' /System/Library/Frameworks/Python.framework/Versions/2.6/lib/python2.6/encodings/cp850.pyc imports=[('codecs', 0, 0, -1)] binaries=[] datas=[]>
encodings.cp852: None -> <PyModule 'encodings.cp852' /System/Library/Frameworks/Python.framework/Versions/2.6/lib/python2.6/encodings/cp852.pyc imports=[('codecs', 0, 0, -1)] binaries=[] datas=[]>
encodings.cp855: None -> <PyModule 'encodings.cp855' /System/Library/Frameworks/Python.framework/Versions/2.6/lib/python2.6/encodings/cp855.pyc imports=[('codecs', 0, 0, -1)] binaries=[] datas=[]>
encodings.cp856: None -> <PyModule 'encodings.cp856' /System/Library/Frameworks/Python.framework/Versions/2.6/lib/python2.6/encodings/cp856.pyc imports=[('codecs', 0, 0, -1)] binaries=[] datas=[]>
encodings.cp857: None -> <PyModule 'encodings.cp857' /System/Library/Frameworks/Python.framework/Versions/2.6/lib/python2.6/encodings/cp857.pyc imports=[('codecs', 0, 0, -1)] binaries=[] datas=[]>
encodings.cp860: None -> <PyModule 'encodings.cp860' /System/Library/Frameworks/Python.framework/Versions/2.6/lib/python2.6/encodings/cp860.pyc imports=[('codecs', 0, 0, -1)] binaries=[] datas=[]>
encodings.cp861: None -> <PyModule 'encodings.cp861' /System/Library/Frameworks/Python.framework/Versions/2.6/lib/python2.6/encodings/cp861.pyc imports=[('codecs', 0, 0, -1)] binaries=[] datas=[]>
encodings.cp862: None -> <PyModule 'encodings.cp862' /System/Library/Frameworks/Python.framework/Versions/2.6/lib/python2.6/encodings/cp862.pyc imports=[('codecs', 0, 0, -1)] binaries=[] datas=[]>
encodings.cp863: None -> <PyModule 'encodings.cp863' /System/Library/Frameworks/Python.framework/Versions/2.6/lib/python2.6/encodings/cp863.pyc imports=[('codecs', 0, 0, -1)] binaries=[] datas=[]>
encodings.cp864: None -> <PyModule 'encodings.cp864' /System/Library/Frameworks/Python.framework/Versions/2.6/lib/python2.6/encodings/cp864.pyc imports=[('codecs', 0, 0, -1)] binaries=[] datas=[]>
encodings.cp865: None -> <PyModule 'encodings.cp865' /System/Library/Frameworks/Python.framework/Versions/2.6/lib/python2.6/encodings/cp865.pyc imports=[('codecs', 0, 0, -1)] binaries=[] datas=[]>
encodings.cp866: None -> <PyModule 'encodings.cp866' /System/Library/Frameworks/Python.framework/Versions/2.6/lib/python2.6/encodings/cp866.pyc imports=[('codecs', 0, 0, -1)] binaries=[] datas=[]>
encodings.cp869: None -> <PyModule 'encodings.cp869' /System/Library/Frameworks/Python.framework/Versions/2.6/lib/python2.6/encodings/cp869.pyc imports=[('codecs', 0, 0, -1)] binaries=[] datas=[]>
encodings.cp874: None -> <PyModule 'encodings.cp874' /System/Library/Frameworks/Python.framework/Versions/2.6/lib/python2.6/encodings/cp874.pyc imports=[('codecs', 0, 0, -1)] binaries=[] datas=[]>
encodings.cp875: None -> <PyModule 'encodings.cp875' /System/Library/Frameworks/Python.framework/Versions/2.6/lib/python2.6/encodings/cp875.pyc imports=[('codecs', 0, 0, -1)] binaries=[] datas=[]>
encodings.cp932: None -> <PyModule 'encodings.cp932' /System/Library/Frameworks/Python.framework/Versions/2.6/lib/python2.6/encodings/cp932.pyc imports=[('_codecs_jp', 0, 0, -1), ('codecs', 0, 0, -1), ('_multibytecodec', 0, 0, -1)] binaries=[] datas=[]>
encodings.cp949: None -> <PyModule 'encodings.cp949' /System/Library/Frameworks/Python.framework/Versions/2.6/lib/python2.6/encodings/cp949.pyc imports=[('_codecs_kr', 0, 0, -1), ('codecs', 0, 0, -1), ('_multibytecodec', 0, 0, -1)] binaries=[] datas=[]>
encodings.cp950: None -> <PyModule 'encodings.cp950' /System/Library/Frameworks/Python.framework/Versions/2.6/lib/python2.6/encodings/cp950.pyc imports=[('_codecs_tw', 0, 0, -1), ('codecs', 0, 0, -1), ('_multibytecodec', 0, 0, -1)] binaries=[] datas=[]>
encodings.euc_jis_2004: None -> <PyModule 'encodings.euc_jis_2004' /System/Library/Frameworks/Python.framework/Versions/2.6/lib/python2.6/encodings/euc_jis_2004.pyc imports=[('_codecs_jp', 0, 0, -1), ('codecs', 0, 0, -1), ('_multibytecodec', 0, 0, -1)] binaries=[] datas=[]>
encodings.euc_jisx0213: None -> <PyModule 'encodings.euc_jisx0213' /System/Library/Frameworks/Python.framework/Versions/2.6/lib/python2.6/encodings/euc_jisx0213.pyc imports=[('_codecs_jp', 0, 0, -1), ('codecs', 0, 0, -1), ('_multibytecodec', 0, 0, -1)] binaries=[] datas=[]>
encodings.euc_jp: None -> <PyModule 'encodings.euc_jp' /System/Library/Frameworks/Python.framework/Versions/2.6/lib/python2.6/encodings/euc_jp.pyc imports=[('_codecs_jp', 0, 0, -1), ('codecs', 0, 0, -1), ('_multibytecodec', 0, 0, -1)] binaries=[] datas=[]>
encodings.euc_kr: None -> <PyModule 'encodings.euc_kr' /System/Library/Frameworks/Python.framework/Versions/2.6/lib/python2.6/encodings/euc_kr.pyc imports=[('_codecs_kr', 0, 0, -1), ('codecs', 0, 0, -1), ('_multibytecodec', 0, 0, -1)] binaries=[] datas=[]>
encodings.gb18030: None -> <PyModule 'encodings.gb18030' /System/Library/Frameworks/Python.framework/Versions/2.6/lib/python2.6/encodings/gb18030.pyc imports=[('_codecs_cn', 0, 0, -1), ('codecs', 0, 0, -1), ('_multibytecodec', 0, 0, -1)] binaries=[] datas=[]>
encodings.gb2312: None -> <PyModule 'encodings.gb2312' /System/Library/Frameworks/Python.framework/Versions/2.6/lib/python2.6/encodings/gb2312.pyc imports=[('_codecs_cn', 0, 0, -1), ('codecs', 0, 0, -1), ('_multibytecodec', 0, 0, -1)] binaries=[] datas=[]>
encodings.gbk: None -> <PyModule 'encodings.gbk' /System/Library/Frameworks/Python.framework/Versions/2.6/lib/python2.6/encodings/gbk.pyc imports=[('_codecs_cn', 0, 0, -1), ('codecs', 0, 0, -1), ('_multibytecodec', 0, 0, -1)] binaries=[] datas=[]>
encodings.hex_codec: None -> <PyModule 'encodings.hex_codec' /System/Library/Frameworks/Python.framework/Versions/2.6/lib/python2.6/encodings/hex_codec.pyc imports=[('codecs', 0, 0, -1), ('binascii', 0, 0, -1)] binaries=[] datas=[]>
encodings.hp_roman8: None -> <PyModule 'encodings.hp_roman8' /System/Library/Frameworks/Python.framework/Versions/2.6/lib/python2.6/encodings/hp_roman8.pyc imports=[('codecs', 0, 0, -1)] binaries=[] datas=[]>
encodings.hz: None -> <PyModule 'encodings.hz' /System/Library/Frameworks/Python.framework/Versions/2.6/lib/python2.6/encodings/hz.pyc imports=[('_codecs_cn', 0, 0, -1), ('codecs', 0, 0, -1), ('_multibytecodec', 0, 0, -1)] binaries=[] datas=[]>
encodings.idna: None -> <PyModule 'encodings.idna' /System/Library/Frameworks/Python.framework/Versions/2.6/lib/python2.6/encodings/idna.pyc imports=[('stringprep', 0, 0, -1), ('re', 0, 0, -1), ('codecs', 0, 0, -1), ('unicodedata', 0, 0, -1), ('unicodedata.ucd_3_2_0', 0, 0, -1)] binaries=[] datas=[]>
encodings.iso2022_jp: None -> <PyModule 'encodings.iso2022_jp' /System/Library/Frameworks/Python.framework/Versions/2.6/lib/python2.6/encodings/iso2022_jp.pyc imports=[('_codecs_iso2022', 0, 0, -1), ('codecs', 0, 0, -1), ('_multibytecodec', 0, 0, -1)] binaries=[] datas=[]>
encodings.iso2022_jp_1: None -> <PyModule 'encodings.iso2022_jp_1' /System/Library/Frameworks/Python.framework/Versions/2.6/lib/python2.6/encodings/iso2022_jp_1.pyc imports=[('_codecs_iso2022', 0, 0, -1), ('codecs', 0, 0, -1), ('_multibytecodec', 0, 0, -1)] binaries=[] datas=[]>
encodings.iso2022_jp_2: None -> <PyModule 'encodings.iso2022_jp_2' /System/Library/Frameworks/Python.framework/Versions/2.6/lib/python2.6/encodings/iso2022_jp_2.pyc imports=[('_codecs_iso2022', 0, 0, -1), ('codecs', 0, 0, -1), ('_multibytecodec', 0, 0, -1)] binaries=[] datas=[]>
encodings.iso2022_jp_2004: None -> <PyModule 'encodings.iso2022_jp_2004' /System/Library/Frameworks/Python.framework/Versions/2.6/lib/python2.6/encodings/iso2022_jp_2004.pyc imports=[('_codecs_iso2022', 0, 0, -1), ('codecs', 0, 0, -1), ('_multibytecodec', 0, 0, -1)] binaries=[] datas=[]>
encodings.iso2022_jp_3: None -> <PyModule 'encodings.iso2022_jp_3' /System/Library/Frameworks/Python.framework/Versions/2.6/lib/python2.6/encodings/iso2022_jp_3.pyc imports=[('_codecs_iso2022', 0, 0, -1), ('codecs', 0, 0, -1), ('_multibytecodec', 0, 0, -1)] binaries=[] datas=[]>
encodings.iso2022_jp_ext: None -> <PyModule 'encodings.iso2022_jp_ext' /System/Library/Frameworks/Python.framework/Versions/2.6/lib/python2.6/encodings/iso2022_jp_ext.pyc imports=[('_codecs_iso2022', 0, 0, -1), ('codecs', 0, 0, -1), ('_multibytecodec', 0, 0, -1)] binaries=[] datas=[]>
encodings.iso2022_kr: None -> <PyModule 'encodings.iso2022_kr' /System/Library/Frameworks/Python.framework/Versions/2.6/lib/python2.6/encodings/iso2022_kr.pyc imports=[('_codecs_iso2022', 0, 0, -1), ('codecs', 0, 0, -1), ('_multibytecodec', 0, 0, -1)] binaries=[] datas=[]>
encodings.iso8859_1: None -> <PyModule 'encodings.iso8859_1' /System/Library/Frameworks/Python.framework/Versions/2.6/lib/python2.6/encodings/iso8859_1.pyc imports=[('codecs', 0, 0, -1)] binaries=[] datas=[]>
encodings.iso8859_10: None -> <PyModule 'encodings.iso8859_10' /System/Library/Frameworks/Python.framework/Versions/2.6/lib/python2.6/encodings/iso8859_10.pyc imports=[('codecs', 0, 0, -1)] binaries=[] datas=[]>
encodings.iso8859_11: None -> <PyModule 'encodings.iso8859_11' /System/Library/Frameworks/Python.framework/Versions/2.6/lib/python2.6/encodings/iso8859_11.pyc imports=[('codecs', 0, 0, -1)] binaries=[] datas=[]>
encodings.iso8859_13: None -> <PyModule 'encodings.iso8859_13' /System/Library/Frameworks/Python.framework/Versions/2.6/lib/python2.6/encodings/iso8859_13.pyc imports=[('codecs', 0, 0, -1)] binaries=[] datas=[]>
encodings.iso8859_14: None -> <PyModule 'encodings.iso8859_14' /System/Library/Frameworks/Python.framework/Versions/2.6/lib/python2.6/encodings/iso8859_14.pyc imports=[('codecs', 0, 0, -1)] binaries=[] datas=[]>
encodings.iso8859_15: None -> <PyModule 'encodings.iso8859_15' /System/Library/Frameworks/Python.framework/Versions/2.6/lib/python2.6/encodings/iso8859_15.pyc imports=[('codecs', 0, 0, -1)] binaries=[] datas=[]>
encodings.iso8859_16: None -> <PyModule 'encodings.iso8859_16' /System/Library/Frameworks/Python.framework/Versions/2.6/lib/python2.6/encodings/iso8859_16.pyc imports=[('codecs', 0, 0, -1)] binaries=[] datas=[]>
encodings.iso8859_2: None -> <PyModule 'encodings.iso8859_2' /System/Library/Frameworks/Python.framework/Versions/2.6/lib/python2.6/encodings/iso8859_2.pyc imports=[('codecs', 0, 0, -1)] binaries=[] datas=[]>
encodings.iso8859_3: None -> <PyModule 'encodings.iso8859_3' /System/Library/Frameworks/Python.framework/Versions/2.6/lib/python2.6/encodings/iso8859_3.pyc imports=[('codecs', 0, 0, -1)] binaries=[] datas=[]>
encodings.iso8859_4: None -> <PyModule 'encodings.iso8859_4' /System/Library/Frameworks/Python.framework/Versions/2.6/lib/python2.6/encodings/iso8859_4.pyc imports=[('codecs', 0, 0, -1)] binaries=[] datas=[]>
encodings.iso8859_5: None -> <PyModule 'encodings.iso8859_5' /System/Library/Frameworks/Python.framework/Versions/2.6/lib/python2.6/encodings/iso8859_5.pyc imports=[('codecs', 0, 0, -1)] binaries=[] datas=[]>
encodings.iso8859_6: None -> <PyModule 'encodings.iso8859_6' /System/Library/Frameworks/Python.framework/Versions/2.6/lib/python2.6/encodings/iso8859_6.pyc imports=[('codecs', 0, 0, -1)] binaries=[] datas=[]>
encodings.iso8859_7: None -> <PyModule 'encodings.iso8859_7' /System/Library/Frameworks/Python.framework/Versions/2.6/lib/python2.6/encodings/iso8859_7.pyc imports=[('codecs', 0, 0, -1)] binaries=[] datas=[]>
encodings.iso8859_8: None -> <PyModule 'encodings.iso8859_8' /System/Library/Frameworks/Python.framework/Versions/2.6/lib/python2.6/encodings/iso8859_8.pyc imports=[('codecs', 0, 0, -1)] binaries=[] datas=[]>
encodings.iso8859_9: None -> <PyModule 'encodings.iso8859_9' /System/Library/Frameworks/Python.framework/Versions/2.6/lib/python2.6/encodings/iso8859_9.pyc imports=[('codecs', 0, 0, -1)] binaries=[] datas=[]>
encodings.johab: None -> <PyModule 'encodings.johab' /System/Library/Frameworks/Python.framework/Versions/2.6/lib/python2.6/encodings/johab.pyc imports=[('_codecs_kr', 0, 0, -1), ('codecs', 0, 0, -1), ('_multibytecodec', 0, 0, -1)] binaries=[] datas=[]>
encodings.koi8_r: None -> <PyModule 'encodings.koi8_r' /System/Library/Frameworks/Python.framework/Versions/2.6/lib/python2.6/encodings/koi8_r.pyc imports=[('codecs', 0, 0, -1)] binaries=[] datas=[]>
encodings.koi8_u: None -> <PyModule 'encodings.koi8_u' /System/Library/Frameworks/Python.framework/Versions/2.6/lib/python2.6/encodings/koi8_u.pyc imports=[('codecs', 0, 0, -1)] binaries=[] datas=[]>
encodings.latin_1: None -> <PyModule 'encodings.latin_1' /System/Library/Frameworks/Python.framework/Versions/2.6/lib/python2.6/encodings/latin_1.pyc imports=[('codecs', 0, 0, -1)] binaries=[] datas=[]>
encodings.mac_arabic: None -> <PyModule 'encodings.mac_arabic' /System/Library/Frameworks/Python.framework/Versions/2.6/lib/python2.6/encodings/mac_arabic.pyc imports=[('codecs', 0, 0, -1)] binaries=[] datas=[]>
encodings.mac_centeuro: None -> <PyModule 'encodings.mac_centeuro' /System/Library/Frameworks/Python.framework/Versions/2.6/lib/python2.6/encodings/mac_centeuro.pyc imports=[('codecs', 0, 0, -1)] binaries=[] datas=[]>
encodings.mac_croatian: None -> <PyModule 'encodings.mac_croatian' /System/Library/Frameworks/Python.framework/Versions/2.6/lib/python2.6/encodings/mac_croatian.pyc imports=[('codecs', 0, 0, -1)] binaries=[] datas=[]>
encodings.mac_cyrillic: None -> <PyModule 'encodings.mac_cyrillic' /System/Library/Frameworks/Python.framework/Versions/2.6/lib/python2.6/encodings/mac_cyrillic.pyc imports=[('codecs', 0, 0, -1)] binaries=[] datas=[]>
encodings.mac_farsi: None -> <PyModule 'encodings.mac_farsi' /System/Library/Frameworks/Python.framework/Versions/2.6/lib/python2.6/encodings/mac_farsi.pyc imports=[('codecs', 0, 0, -1)] binaries=[] datas=[]>
encodings.mac_greek: None -> <PyModule 'encodings.mac_greek' /System/Library/Frameworks/Python.framework/Versions/2.6/lib/python2.6/encodings/mac_greek.pyc imports=[('codecs', 0, 0, -1)] binaries=[] datas=[]>
encodings.mac_iceland: None -> <PyModule 'encodings.mac_iceland' /System/Library/Frameworks/Python.framework/Versions/2.6/lib/python2.6/encodings/mac_iceland.pyc imports=[('codecs', 0, 0, -1)] binaries=[] datas=[]>
encodings.mac_latin2: None -> <PyModule 'encodings.mac_latin2' /System/Library/Frameworks/Python.framework/Versions/2.6/lib/python2.6/encodings/mac_latin2.pyc imports=[('codecs', 0, 0, -1)] binaries=[] datas=[]>
encodings.mac_roman: None -> <PyModule 'encodings.mac_roman' /System/Library/Frameworks/Python.framework/Versions/2.6/lib/python2.6/encodings/mac_roman.pyc imports=[('codecs', 0, 0, -1)] binaries=[] datas=[]>
encodings.mac_romanian: None -> <PyModule 'encodings.mac_romanian' /System/Library/Frameworks/Python.framework/Versions/2.6/lib/python2.6/encodings/mac_romanian.pyc imports=[('codecs', 0, 0, -1)] binaries=[] datas=[]>
encodings.mac_turkish: None -> <PyModule 'encodings.mac_turkish' /System/Library/Frameworks/Python.framework/Versions/2.6/lib/python2.6/encodings/mac_turkish.pyc imports=[('codecs', 0, 0, -1)] binaries=[] datas=[]>
encodings.mbcs: None -> <PyModule 'encodings.mbcs' /System/Library/Frameworks/Python.framework/Versions/2.6/lib/python2.6/encodings/mbcs.pyc imports=[('codecs', 0, 0, -1), ('codecs.mbcs_encode', 0, 0, -1), ('codecs.mbcs_decode', 0, 0, -1), ('codecs', 0, 0, -1)] binaries=[] datas=[]>
encodings.palmos: None -> <PyModule 'encodings.palmos' /System/Library/Frameworks/Python.framework/Versions/2.6/lib/python2.6/encodings/palmos.pyc imports=[('codecs', 0, 0, -1)] binaries=[] datas=[]>
encodings.ptcp154: None -> <PyModule 'encodings.ptcp154' /System/Library/Frameworks/Python.framework/Versions/2.6/lib/python2.6/encodings/ptcp154.pyc imports=[('codecs', 0, 0, -1)] binaries=[] datas=[]>
encodings.punycode: None -> <PyModule 'encodings.punycode' /System/Library/Frameworks/Python.framework/Versions/2.6/lib/python2.6/encodings/punycode.pyc imports=[('codecs', 0, 0, -1)] binaries=[] datas=[]>
encodings.quopri_codec: None -> <PyModule 'encodings.quopri_codec' /System/Library/Frameworks/Python.framework/Versions/2.6/lib/python2.6/encodings/quopri_codec.pyc imports=[('codecs', 0, 0, -1), ('quopri', 0, 0, -1), ('cStringIO', 0, 0, -1), ('cStringIO.StringIO', 0, 0, -1), ('StringIO', 0, 1, -1), ('StringIO.StringIO', 0, 1, -1)] binaries=[] datas=[]>
encodings.raw_unicode_escape: None -> <PyModule 'encodings.raw_unicode_escape' /System/Library/Frameworks/Python.framework/Versions/2.6/lib/python2.6/encodings/raw_unicode_escape.pyc imports=[('codecs', 0, 0, -1)] binaries=[] datas=[]>
encodings.rot_13: None -> <PyModule 'encodings.rot_13' /System/Library/Frameworks/Python.framework/Versions/2.6/lib/python2.6/encodings/rot_13.pyc imports=[('codecs', 0, 0, -1), ('sys', 0, 1, -1)] binaries=[] datas=[]>
encodings.shift_jis: None -> <PyModule 'encodings.shift_jis' /System/Library/Frameworks/Python.framework/Versions/2.6/lib/python2.6/encodings/shift_jis.pyc imports=[('_codecs_jp', 0, 0, -1), ('codecs', 0, 0, -1), ('_multibytecodec', 0, 0, -1)] binaries=[] datas=[]>
encodings.shift_jis_2004: None -> <PyModule 'encodings.shift_jis_2004' /System/Library/Frameworks/Python.framework/Versions/2.6/lib/python2.6/encodings/shift_jis_2004.pyc imports=[('_codecs_jp', 0, 0, -1), ('codecs', 0, 0, -1), ('_multibytecodec', 0, 0, -1)] binaries=[] datas=[]>
encodings.shift_jisx0213: None -> <PyModule 'encodings.shift_jisx0213' /System/Library/Frameworks/Python.framework/Versions/2.6/lib/python2.6/encodings/shift_jisx0213.pyc imports=[('_codecs_jp', 0, 0, -1), ('codecs', 0, 0, -1), ('_multibytecodec', 0, 0, -1)] binaries=[] datas=[]>
encodings.string_escape: None -> <PyModule 'encodings.string_escape' /System/Library/Frameworks/Python.framework/Versions/2.6/lib/python2.6/encodings/string_escape.pyc imports=[('codecs', 0, 0, -1)] binaries=[] datas=[]>
encodings.tis_620: None -> <PyModule 'encodings.tis_620' /System/Library/Frameworks/Python.framework/Versions/2.6/lib/python2.6/encodings/tis_620.pyc imports=[('codecs', 0, 0, -1)] binaries=[] datas=[]>
encodings.undefined: None -> <PyModule 'encodings.undefined' /System/Library/Frameworks/Python.framework/Versions/2.6/lib/python2.6/encodings/undefined.pyc imports=[('codecs', 0, 0, -1)] binaries=[] datas=[]>
encodings.unicode_escape: None -> <PyModule 'encodings.unicode_escape' /System/Library/Frameworks/Python.framework/Versions/2.6/lib/python2.6/encodings/unicode_escape.pyc imports=[('codecs', 0, 0, -1)] binaries=[] datas=[]>
encodings.unicode_internal: None -> <PyModule 'encodings.unicode_internal' /System/Library/Frameworks/Python.framework/Versions/2.6/lib/python2.6/encodings/unicode_internal.pyc imports=[('codecs', 0, 0, -1)] binaries=[] datas=[]>
encodings.utf_16: None -> <PyModule 'encodings.utf_16' /System/Library/Frameworks/Python.framework/Versions/2.6/lib/python2.6/encodings/utf_16.pyc imports=[('codecs', 0, 0, -1), ('sys', 0, 0, -1)] binaries=[] datas=[]>
encodings.utf_16_be: None -> <PyModule 'encodings.utf_16_be' /System/Library/Frameworks/Python.framework/Versions/2.6/lib/python2.6/encodings/utf_16_be.pyc imports=[('codecs', 0, 0, -1)] binaries=[] datas=[]>
encodings.utf_16_le: None -> <PyModule 'encodings.utf_16_le' /System/Library/Frameworks/Python.framework/Versions/2.6/lib/python2.6/encodings/utf_16_le.pyc imports=[('codecs', 0, 0, -1)] binaries=[] datas=[]>
encodings.utf_32: None -> <PyModule 'encodings.utf_32' /System/Library/Frameworks/Python.framework/Versions/2.6/lib/python2.6/encodings/utf_32.pyc imports=[('codecs', 0, 0, -1), ('sys', 0, 0, -1)] binaries=[] datas=[]>
encodings.utf_32_be: None -> <PyModule 'encodings.utf_32_be' /System/Library/Frameworks/Python.framework/Versions/2.6/lib/python2.6/encodings/utf_32_be.pyc imports=[('codecs', 0, 0, -1)] binaries=[] datas=[]>
encodings.utf_32_le: None -> <PyModule 'encodings.utf_32_le' /System/Library/Frameworks/Python.framework/Versions/2.6/lib/python2.6/encodings/utf_32_le.pyc imports=[('codecs', 0, 0, -1)] binaries=[] datas=[]>
encodings.utf_7: None -> <PyModule 'encodings.utf_7' /System/Library/Frameworks/Python.framework/Versions/2.6/lib/python2.6/encodings/utf_7.pyc imports=[('codecs', 0, 0, -1)] binaries=[] datas=[]>
encodings.utf_8: None -> <PyModule 'encodings.utf_8' /System/Library/Frameworks/Python.framework/Versions/2.6/lib/python2.6/encodings/utf_8.pyc imports=[('codecs', 0, 0, -1)] binaries=[] datas=[]>
encodings.utf_8_sig: None -> <PyModule 'encodings.utf_8_sig' /System/Library/Frameworks/Python.framework/Versions/2.6/lib/python2.6/encodings/utf_8_sig.pyc imports=[('codecs', 0, 0, -1)] binaries=[] datas=[]>
encodings.uu_codec: None -> <PyModule 'encodings.uu_codec' /System/Library/Frameworks/Python.framework/Versions/2.6/lib/python2.6/encodings/uu_codec.pyc imports=[('codecs', 0, 0, -1), ('binascii', 0, 0, -1), ('cStringIO', 1, 0, -1), ('cStringIO.StringIO', 1, 0, -1), ('binascii', 1, 0, -1), ('binascii.b2a_uu', 1, 0, -1), ('cStringIO', 1, 0, -1), ('cStringIO.StringIO', 1, 0, -1), ('binascii', 1, 0, -1), ('binascii.a2b_uu', 1, 0, -1)] binaries=[] datas=[]>
encodings.zlib_codec: None -> <PyModule 'encodings.zlib_codec' /System/Library/Frameworks/Python.framework/Versions/2.6/lib/python2.6/encodings/zlib_codec.pyc imports=[('codecs', 0, 0, -1), ('zlib', 0, 0, -1)] binaries=[] datas=[]>
_codecs: None -> <BuiltinModule '_codecs' None imports=[] binaries=[] datas=[]>
encodings.base64: None -> None
base64: None -> <PyModule 'base64' /System/Library/Frameworks/Python.framework/Versions/2.6/lib/python2.6/base64.pyc imports=[('re', 0, 0, -1), ('struct', 0, 0, -1), ('binascii', 0, 0, -1), ('sys', 1, 0, -1), ('getopt', 1, 0, -1)] binaries=[] datas=[]>
binascii: None -> <ExtensionModule 'binascii' /System/Library/Frameworks/Python.framework/Versions/2.6/lib/python2.6/lib-dynload/binascii.so imports=[] binaries=[] datas=[]>
getopt: None -> <PyModule 'getopt' /System/Library/Frameworks/Python.framework/Versions/2.6/lib/python2.6/getopt.pyc imports=[('os', 0, 0, -1), ('sys', 0, 1, -1)] binaries=[] datas=[]>
encodings._codecs_tw: None -> None
_codecs_tw: None -> <ExtensionModule '_codecs_tw' /System/Library/Frameworks/Python.framework/Versions/2.6/lib/python2.6/lib-dynload/_codecs_tw.so imports=[] binaries=[] datas=[]>
encodings._multibytecodec: None -> None
_multibytecodec: None -> <ExtensionModule '_multibytecodec' /System/Library/Frameworks/Python.framework/Versions/2.6/lib/python2.6/lib-dynload/_multibytecodec.so imports=[] binaries=[] datas=[]>
encodings._codecs_hk: None -> None
_codecs_hk: None -> <ExtensionModule '_codecs_hk' /System/Library/Frameworks/Python.framework/Versions/2.6/lib/python2.6/lib-dynload/_codecs_hk.so imports=[] binaries=[] datas=[]>
encodings.bz2: None -> None
bz2: None -> <ExtensionModule 'bz2' /System/Library/Frameworks/Python.framework/Versions/2.6/lib/python2.6/lib-dynload/bz2.so imports=[] binaries=[] datas=[]>
encodings._codecs_jp: None -> None
_codecs_jp: None -> <ExtensionModule '_codecs_jp' /System/Library/Frameworks/Python.framework/Versions/2.6/lib/python2.6/lib-dynload/_codecs_jp.so imports=[] binaries=[] datas=[]>
encodings._codecs_kr: None -> None
_codecs_kr: None -> <ExtensionModule '_codecs_kr' /System/Library/Frameworks/Python.framework/Versions/2.6/lib/python2.6/lib-dynload/_codecs_kr.so imports=[] binaries=[] datas=[]>
encodings._codecs_cn: None -> None
_codecs_cn: None -> <ExtensionModule '_codecs_cn' /System/Library/Frameworks/Python.framework/Versions/2.6/lib/python2.6/lib-dynload/_codecs_cn.so imports=[] binaries=[] datas=[]>
encodings.binascii: None -> None
encodings.stringprep: None -> None
stringprep: None -> <PyModule 'stringprep' /System/Library/Frameworks/Python.framework/Versions/2.6/lib/python2.6/stringprep.pyc imports=[('unicodedata', 0, 0, -1), ('unicodedata.ucd_3_2_0', 0, 0, -1)] binaries=[] datas=[]>
encodings.re: None -> None
encodings.unicodedata: None -> None
unicodedata: None -> <ExtensionModule 'unicodedata' /System/Library/Frameworks/Python.framework/Versions/2.6/lib/python2.6/lib-dynload/unicodedata.so imports=[] binaries=[] datas=[]>
encodings._codecs_iso2022: None -> None
_codecs_iso2022: None -> <ExtensionModule '_codecs_iso2022' /System/Library/Frameworks/Python.framework/Versions/2.6/lib/python2.6/lib-dynload/_codecs_iso2022.so imports=[] binaries=[] datas=[]>
encodings.quopri: None -> None
quopri: None -> <PyModule 'quopri' /System/Library/Frameworks/Python.framework/Versions/2.6/lib/python2.6/quopri.pyc imports=[('binascii', 0, 0, -1), ('binascii.a2b_qp', 0, 0, -1), ('binascii.b2a_qp', 0, 0, -1), ('cStringIO', 1, 0, -1), ('cStringIO.StringIO', 1, 0, -1), ('cStringIO', 1, 0, -1), ('cStringIO.StringIO', 1, 0, -1), ('sys', 1, 0, -1), ('getopt', 1, 0, -1)] binaries=[] datas=[]>
encodings.cStringIO: None -> None
cStringIO: None -> <ExtensionModule 'cStringIO' /System/Library/Frameworks/Python.framework/Versions/2.6/lib/python2.6/lib-dynload/cStringIO.so imports=[('copy_reg', 0, 0, -1)] binaries=[] datas=[]>
encodings.StringIO: None -> None
StringIO: None -> <PyModule 'StringIO' /System/Library/Frameworks/Python.framework/Versions/2.6/lib/python2.6/StringIO.pyc imports=[('errno', 0, 0, -1), ('errno.EINVAL', 0, 0, -1), ('sys', 1, 0, -1)] binaries=[] datas=[]>
encodings.sys: None -> None
encodings.zlib: None -> None
optparse: None -> <PyModule 'optparse' /System/Library/Frameworks/Python.framework/Versions/2.6/lib/python2.6/optparse.pyc imports=[('sys', 0, 0, -1), ('os', 0, 0, -1), ('types', 0, 0, -1), ('textwrap', 0, 0, -1), ('gettext', 0, 0, -1), ('gettext.gettext', 0, 0, -1), ('__builtin__', 1, 1, -1)] binaries=[] datas=[]>
textwrap: None -> <PyModule 'textwrap' /System/Library/Frameworks/Python.framework/Versions/2.6/lib/python2.6/textwrap.pyc imports=[('string', 0, 0, -1), ('re', 0, 0, -1)] binaries=[] datas=[]>
gettext: None -> <PyModule 'gettext' /System/Library/Frameworks/Python.framework/Versions/2.6/lib/python2.6/gettext.pyc imports=[('locale', 0, 0, -1), ('copy', 0, 0, -1), ('os', 0, 0, -1), ('re', 0, 0, -1), ('struct', 0, 0, -1), ('sys', 0, 0, -1), ('errno', 0, 0, -1), ('errno.ENOENT', 0, 0, -1), ('cStringIO', 1, 0, -1), ('cStringIO.StringIO', 1, 0, -1), ('StringIO', 1, 1, -1), ('StringIO.StringIO', 1, 1, -1), ('token', 1, 0, -1), ('tokenize', 1, 0, -1), ('locale', 1, 0, -1), ('locale.normalize', 1, 0, -1), ('__builtin__', 1, 0, -1)] binaries=[] datas=[]>
token: None -> <PyModule 'token' /System/Library/Frameworks/Python.framework/Versions/2.6/lib/python2.6/token.pyc imports=[('re', 1, 0, -1), ('sys', 1, 0, -1)] binaries=[] datas=[]>
tokenize: None -> <PyModule 'tokenize' /System/Library/Frameworks/Python.framework/Versions/2.6/lib/python2.6/tokenize.pyc imports=[('string', 0, 0, -1), ('re', 0, 0, -1), ('token', 0, 0, -1), ('token.*', 0, 0, -1), ('token', 0, 0, -1), ('sys', 0, 1, -1)] binaries=[] datas=[]>
_collections: None -> <ExtensionModule '_collections' /System/Library/Frameworks/Python.framework/Versions/2.6/lib/python2.6/lib-dynload/_collections.so imports=[] binaries=[] datas=[]>
keyword: None -> <PyModule 'keyword' /System/Library/Frameworks/Python.framework/Versions/2.6/lib/python2.6/keyword.pyc imports=[('sys', 1, 0, -1), ('re', 1, 0, -1)] binaries=[] datas=[]>
cPickle: None -> <ExtensionModule 'cPickle' /System/Library/Frameworks/Python.framework/Versions/2.6/lib/python2.6/lib-dynload/cPickle.so imports=[('copy_reg', 0, 0, -1), ('types', 0, 0, -1), ('string', 0, 0, -1)] binaries=[] datas=[]>
doctest: None -> <PyModule 'doctest' /System/Library/Frameworks/Python.framework/Versions/2.6/lib/python2.6/doctest.pyc imports=[('__future__', 0, 0, -1), ('sys', 0, 0, -1), ('traceback', 0, 0, -1), ('inspect', 0, 0, -1), ('linecache', 0, 0, -1), ('os', 0, 0, -1), ('re', 0, 0, -1), ('unittest', 0, 0, -1), ('difflib', 0, 0, -1), ('pdb', 0, 0, -1), ('tempfile', 0, 0, -1), ('warnings', 0, 0, -1), ('StringIO', 0, 0, -1), ('StringIO.StringIO', 0, 0, -1), ('collections', 0, 0, -1), ('collections.namedtuple', 0, 0, -1), ('types', 1, 0, -1), ('types', 1, 0, -1), ('pdb', 1, 0, -1)] binaries=[] datas=[]>
__future__: None -> <PyModule '__future__' /System/Library/Frameworks/Python.framework/Versions/2.6/lib/python2.6/__future__.pyc imports=[] binaries=[] datas=[]>
inspect: None -> <PyModule 'inspect' /System/Library/Frameworks/Python.framework/Versions/2.6/lib/python2.6/inspect.pyc imports=[('sys', 0, 0, -1), ('os', 0, 0, -1), ('types', 0, 0, -1), ('string', 0, 0, -1), ('re', 0, 0, -1), ('dis', 0, 0, -1), ('imp', 0, 0, -1), ('tokenize', 0, 0, -1), ('linecache', 0, 0, -1), ('operator', 0, 0, -1), ('operator.attrgetter', 0, 0, -1), ('collections', 0, 0, -1), ('collections.namedtuple', 0, 0, -1)] binaries=[] datas=[]>
unittest: None -> <PyModule 'unittest' /System/Library/Frameworks/Python.framework/Versions/2.6/lib/python2.6/unittest.pyc imports=[('time', 0, 0, -1), ('sys', 0, 0, -1), ('traceback', 0, 0, -1), ('os', 0, 0, -1), ('types', 0, 0, -1), ('__builtin__', 1, 0, -1), ('getopt', 1, 0, -1)] binaries=[] datas=[]>
difflib: None -> <PyModule 'difflib' /System/Library/Frameworks/Python.framework/Versions/2.6/lib/python2.6/difflib.pyc imports=[('heapq', 0, 0, -1), ('collections', 0, 0, -1), ('collections.namedtuple', 0, 0, -1), ('functools', 0, 0, -1), ('functools.reduce', 0, 0, -1), ('re', 0, 0, -1), ('re', 1, 0, -1), ('doctest', 1, 0, -1), ('difflib', 1, 0, -1)] binaries=[] datas=[]>
pdb: None -> <PyModule 'pdb' /System/Library/Frameworks/Python.framework/Versions/2.6/lib/python2.6/pdb.pyc imports=[('sys', 0, 0, -1), ('linecache', 0, 0, -1), ('cmd', 0, 0, -1), ('bdb', 0, 0, -1), ('repr', 0, 0, -1), ('repr.Repr', 0, 0, -1), ('os', 0, 0, -1), ('re', 0, 0, -1), ('pprint', 0, 0, -1), ('traceback', 0, 0, -1), ('pdb', 0, 1, -1), ('readline', 1, 0, -1), ('shlex', 1, 1, -1), ('__main__', 1, 0, -1)] binaries=[] datas=[]>
tempfile: None -> <PyModule 'tempfile' /System/Library/Frameworks/Python.framework/Versions/2.6/lib/python2.6/tempfile.pyc imports=[('os', 0, 0, -1), ('errno', 0, 0, -1), ('random', 0, 0, -1), ('random.Random', 0, 0, -1), ('cStringIO', 0, 0, -1), ('cStringIO.StringIO', 0, 0, -1), ('StringIO', 0, 1, -1), ('StringIO.StringIO', 0, 1, -1), ('fcntl', 0, 0, -1), ('thread', 0, 0, -1), ('dummy_thread', 0, 1, -1)] binaries=[] datas=[]>
dis: None -> <PyModule 'dis' /System/Library/Frameworks/Python.framework/Versions/2.6/lib/python2.6/dis.pyc imports=[('sys', 0, 0, -1), ('types', 0, 0, -1), ('opcode', 0, 0, -1), ('opcode.*', 0, 0, -1), ('opcode', 0, 0, -1), ('opcode.__all__', 0, 0, -1)] binaries=[] datas=[]>
opcode: None -> <PyModule 'opcode' /System/Library/Frameworks/Python.framework/Versions/2.6/lib/python2.6/opcode.pyc imports=[] binaries=[] datas=[]>
heapq: None -> <PyModule 'heapq' /System/Library/Frameworks/Python.framework/Versions/2.6/lib/python2.6/heapq.pyc imports=[('itertools', 0, 0, -1), ('itertools.islice', 0, 0, -1), ('itertools.repeat', 0, 0, -1), ('itertools.count', 0, 0, -1), ('itertools.imap', 0, 0, -1), ('itertools.izip', 0, 0, -1), ('itertools.tee', 0, 0, -1), ('operator', 0, 0, -1), ('operator.itemgetter', 0, 0, -1), ('operator.neg', 0, 0, -1), ('bisect', 0, 0, -1), ('_heapq', 0, 0, -1), ('_heapq.heappush', 0, 0, -1), ('_heapq.heappop', 0, 0, -1), ('_heapq.heapify', 0, 0, -1), ('_heapq.heapreplace', 0, 0, -1), ('_heapq.nlargest', 0, 0, -1), ('_heapq.nsmallest', 0, 0, -1), ('_heapq.heappushpop', 0, 0, -1), ('doctest', 0, 1, -1)] binaries=[] datas=[]>
bisect: None -> <PyModule 'bisect' /System/Library/Frameworks/Python.framework/Versions/2.6/lib/python2.6/bisect.pyc imports=[('_bisect', 0, 0, -1), ('_bisect.bisect_right', 0, 0, -1), ('_bisect.bisect_left', 0, 0, -1), ('_bisect.insort_left', 0, 0, -1), ('_bisect.insort_right', 0, 0, -1), ('_bisect.insort', 0, 0, -1), ('_bisect.bisect', 0, 0, -1)] binaries=[] datas=[]>
_heapq: None -> <ExtensionModule '_heapq' /System/Library/Frameworks/Python.framework/Versions/2.6/lib/python2.6/lib-dynload/_heapq.so imports=[] binaries=[] datas=[]>
_bisect: None -> <ExtensionModule '_bisect' /System/Library/Frameworks/Python.framework/Versions/2.6/lib/python2.6/lib-dynload/_bisect.so imports=[] binaries=[] datas=[]>
cmd: None -> <PyModule 'cmd' /System/Library/Frameworks/Python.framework/Versions/2.6/lib/python2.6/cmd.pyc imports=[('string', 0, 0, -1), ('sys', 1, 0, -1), ('readline', 1, 1, -1), ('readline', 1, 1, -1), ('readline', 1, 1, -1)] binaries=[] datas=[]>
bdb: None -> <PyModule 'bdb' /System/Library/Frameworks/Python.framework/Versions/2.6/lib/python2.6/bdb.pyc imports=[('sys', 0, 0, -1), ('os', 0, 0, -1), ('types', 0, 0, -1), ('linecache', 1, 0, -1), ('linecache', 1, 0, -1), ('linecache', 1, 0, -1), ('repr', 1, 0, -1), ('__main__', 1, 1, -1), ('__main__', 1, 1, -1), ('linecache', 1, 0, -1)] binaries=[] datas=[]>
pprint: None -> <PyModule 'pprint' /System/Library/Frameworks/Python.framework/Versions/2.6/lib/python2.6/pprint.pyc imports=[('sys', 0, 0, -1), ('cStringIO', 0, 0, -1), ('cStringIO.StringIO', 0, 0, -1), ('time', 1, 0, -1)] binaries=[] datas=[]>
readline: None -> <ExtensionModule 'readline' /System/Library/Frameworks/Python.framework/Versions/2.6/lib/python2.6/lib-dynload/readline.so imports=[] binaries=[] datas=[]>
shlex: None -> <PyModule 'shlex' /System/Library/Frameworks/Python.framework/Versions/2.6/lib/python2.6/shlex.pyc imports=[('os.path', 0, 0, -1), ('sys', 0, 0, -1), ('collections', 0, 0, -1), ('collections.deque', 0, 0, -1), ('cStringIO', 0, 0, -1), ('cStringIO.StringIO', 0, 0, -1), ('StringIO', 0, 1, -1), ('StringIO.StringIO', 0, 1, -1)] binaries=[] datas=[]>
__main__: None -> <BuiltinModule '__main__' None imports=[] binaries=[] datas=[]>
math: None -> <ExtensionModule 'math' /System/Library/Frameworks/Python.framework/Versions/2.6/lib/python2.6/lib-dynload/math.so imports=[] binaries=[] datas=[]>
_random: None -> <ExtensionModule '_random' /System/Library/Frameworks/Python.framework/Versions/2.6/lib/python2.6/lib-dynload/_random.so imports=[] binaries=[] datas=[]>
org: None -> None
  DEL org
org: None -> None
  DEL org
